<!DOCTYPE suite SYSTEM "https://testng.org/testng-1.0.dtd">
<suite name="Suite1" verbose="1">
    <test name="Google Test">
        <classes>
            <class name="org.prog.testng.W3SchoolsTest"/>
        </classes>
    </test>
</suite>
