<!DOCTYPE suite SYSTEM "https://testng.org/testng-1.0.dtd">
<!--@BeforeSuite-->
<suite name="Suite1" verbose="1">
    <!--@BeforeTest-->
    <test name="Google Test">
        <classes>
            <!--@BeforeClass-->
            <class name="org.prog.testng.GoogleNGTest"/>
            <!--@AfterClass-->
        </classes>
    </test>
    <!--@AfterTest-->
    <!--@BeforeTest-->
    <test name="Web Shopping">
        <classes>
            <class name="org.prog.testng.AlloUaNGTest"/>
            <class name="org.prog.testng.AmazonNGTest"/>
        </classes>
    </test>
    <!--@AfterTest-->
</suite>
<!--@AfterSuite-->